2025-05-12 11:15:47,226 - WebhookController - INFO - Datos recibidos de Stealth Seminar: {'challenge': '9ffe01e3-82a3-46d7-8cfd-08cd93aef104', 'event': 'ping'}
2025-05-12 11:15:47,228 - WebhookController - INFO - Datos recibidos de Stealth Seminar: {'challenge': '9ffe01e3-82a3-46d7-8cfd-08cd93aef104', 'event': 'ping'}
2025-05-12 11:15:47,228 - WebhookController - WARNING - Evento no manejado: ping
2025-05-12 11:29:10,290 - WebhookController - INFO - Datos recibidos de Stealth Seminar: {'challenge': '163c0ffa-ed32-45f7-88b0-a1cbd5a4e642', 'event': 'ping'}
2025-05-12 11:29:10,293 - WebhookController - INFO - Datos recibidos de Stealth Seminar: {'challenge': '163c0ffa-ed32-45f7-88b0-a1cbd5a4e642', 'event': 'ping'}
2025-05-12 12:07:39,197 - WebhookController - INFO - Datos recibidos de Stealth Seminar: {'challenge': '769e69ec-f592-483d-9ee0-1fba313ba6a7', 'event': 'ping'}
2025-05-12 12:07:39,199 - WebhookController - INFO - Datos recibidos de Stealth Seminar: {'challenge': '769e69ec-f592-483d-9ee0-1fba313ba6a7', 'event': 'ping'}
2025-05-12 12:07:53,937 - WebhookController - INFO - Datos recibidos de Stealth Seminar: {'challenge': 'cbb787af-be9d-40d0-9014-301afd337800', 'event': 'ping'}
2025-05-12 12:07:53,938 - WebhookController - INFO - Datos recibidos de Stealth Seminar: {'challenge': 'cbb787af-be9d-40d0-9014-301afd337800', 'event': 'ping'}
2025-05-12 12:09:34,766 - WebhookController - INFO - Datos recibidos de Stealth Seminar: {'challenge': 'baa39ede-7c12-45d6-9663-1fb22be385cd', 'event': 'ping'}
2025-05-12 12:09:34,767 - WebhookController - INFO - Datos recibidos de Stealth Seminar: {'challenge': 'baa39ede-7c12-45d6-9663-1fb22be385cd', 'event': 'ping'}
2025-05-12 12:12:47,505 - WebhookController - INFO - Datos recibidos de Stealth Seminar: {'challenge': '0c82886d-8480-4a14-937b-5e9db2bf9183', 'event': 'ping'}
2025-05-12 12:12:47,505 - WebhookController - INFO - Datos recibidos de Stealth Seminar: {'challenge': '0c82886d-8480-4a14-937b-5e9db2bf9183', 'event': 'ping'}
2025-05-12 12:43:06,464 - WebhookController - INFO - Datos recibidos de Stealth Seminar: {'challenge': '3929d78f-fd3f-4aec-9ed7-e3c203d9f8c2', 'event': 'ping'}
2025-05-12 12:43:06,465 - WebhookController - INFO - Datos recibidos de Stealth Seminar: {'challenge': '3929d78f-fd3f-4aec-9ed7-e3c203d9f8c2', 'event': 'ping'}
2025-05-12 13:13:38,186 - WebhookController - INFO - Datos recibidos de Stealth Seminar: {'data': {'email': 'test@example.com', 'name': 'Test Name', 'first_name': 'Test', 'last_name': 'Name', 'sms_number': '+584129970355', 'title': '[DUPLICATE] CÓMO COMPRAR PROPIEDADES CON EL 30% DE DESCUENTO Gads Seg', 'autologin_id': '9WZjrm', 'event_id': 'dTMZXs', 'event': 'They register', 'browser': '', 'os': '', 'device': 'Desktop', 'replay_id': 'sM0ZIc', 'replay': False, 'domain': 'JoinNow.Live'}, 'event': 'register', 'eventParams': {}, 'webinarDuration': 5985.663}
2025-05-12 13:13:38,189 - WebhookController - INFO - Datos recibidos de Stealth Seminar: {'data': {'email': 'test@example.com', 'name': 'Test Name', 'first_name': 'Test', 'last_name': 'Name', 'sms_number': '+584129970355', 'title': '[DUPLICATE] CÓMO COMPRAR PROPIEDADES CON EL 30% DE DESCUENTO Gads Seg', 'autologin_id': '9WZjrm', 'event_id': 'dTMZXs', 'event': 'They register', 'browser': '', 'os': '', 'device': 'Desktop', 'replay_id': 'sM0ZIc', 'replay': False, 'domain': 'JoinNow.Live'}, 'event': 'register', 'eventParams': {}, 'webinarDuration': 5985.663}
2025-05-12 13:13:38,189 - WebhookController - ERROR - Número de teléfono inválido: None
2025-05-12 15:28:54,374 - WebhookController - INFO - Datos recibidos de Stealth Seminar: {'data': {'email': 'test@example.com', 'name': 'Test Name', 'first_name': 'Test', 'last_name': 'Name', 'sms_number': '+584129970355', 'title': '[DUPLICATE] CÓMO COMPRAR PROPIEDADES CON EL 30% DE DESCUENTO Gads Seg', 'autologin_id': '9WZjrm', 'event_id': 'dTMZXs', 'event': 'They register', 'browser': '', 'os': '', 'device': 'Desktop', 'replay_id': 'sM0ZIc', 'replay': False, 'domain': 'JoinNow.Live'}, 'event': 'register', 'eventParams': {}, 'webinarDuration': 5985.663}
2025-05-12 15:28:55,413 - WebhookController - INFO - Registro procesado exitosamente para test@example.com
2025-05-12 16:20:46,878 - WebhookController - INFO - Datos recibidos de Stealth Seminar: {'data': {'email': 'test@prueba2.com', 'Tipo de cliente': 'No tengo deudas pero tampoco ahorro y quiero aprender a invertir', 'name': 'Test Name', 'first_name': 'Test', 'last_name': 'Name', 'sms_number': '+584129970355', 'title': '[DUPLICATE] CÓMO COMPRAR PROPIEDADES CON EL 30% DE DESCUENTO Gads Seg', 'autologin_id': 'RPB1aL', 'event_id': 'dTMZXs', 'event': 'They register', 'browser': 'Chrome 136.0.0.0', 'os': 'Linux x86_64', 'device': 'Desktop', 'replay_id': 'LwF6mt', 'replay': False, 'domain': 'JoinNow.Live'}, 'event': 'register', 'eventParams': {}, 'webinarDuration': 5985.663}
2025-05-12 16:20:50,278 - WebhookController - INFO - Registro procesado exitosamente para test@prueba2.com
